<?xml version="1.0" encoding="UTF-8"?>
<testsuite name="TestPaddle" tests="1" skipped="0" failures="0" errors="0" timestamp="2020-09-05T07:27:45" hostname="black-computer" time="0.012">
  <properties/>
  <testcase name="testSomeLibraryMethod" classname="TestPaddle" time="0.012"/>
  <system-out><![CDATA[]]></system-out>
  <system-err><![CDATA[]]></system-err>
</testsuite>
